2024-09-02 21:46:38,559 [Worker-2: Loading available Gradle versions] INFO  o.e.b.c.i.u.g.PublishedGradleVersions - Gradle version information cache is up-to-date. Trying to read.
2024-09-02 21:47:44,791 [Worker-4: 入門コンテンツのインポート] INFO  o.e.m.c.i.l.LifecycleMappingFactory - Using org.eclipse.m2e.jdt.JarLifecycleMapping lifecycle mapping for MavenProject: com.example:demo:0.0.1-SNAPSHOT @ C:\00pro\ASK-Spring-pro\demo\pom.xml.
2024-09-02 21:47:45,781 [Worker-4: 入門コンテンツのインポート] INFO  o.e.m.j.i.AbstractJavaProjectConfigurator - Adding source folder /demo/src/main/java
2024-09-02 21:47:45,782 [Worker-4: 入門コンテンツのインポート] INFO  o.e.m.j.i.AbstractJavaProjectConfigurator - Adding resource folder /demo/src/main/resources
2024-09-02 21:47:45,791 [Worker-4: 入門コンテンツのインポート] INFO  o.e.m.j.i.AbstractJavaProjectConfigurator - Adding resource folder /demo/src/main/resources
2024-09-02 21:47:45,794 [Worker-4: 入門コンテンツのインポート] INFO  o.e.m.j.i.AbstractJavaProjectConfigurator - Adding source folder /demo/src/test/java
2024-09-02 21:47:46,818 [Worker-4: 入門コンテンツのインポート] INFO  o.e.m.c.i.p.ProjectConfigurationManager - Imported and configured 1 project(s) in 2 sec
2024-09-02 21:47:46,822 [Worker-4: 入門コンテンツのインポート] INFO  o.e.m.c.i.p.ProjectConfigurationManager - Update started
2024-09-02 21:47:47,012 [Worker-4: 入門コンテンツのインポート] INFO  o.e.m.c.i.l.LifecycleMappingFactory - Using org.eclipse.m2e.jdt.JarLifecycleMapping lifecycle mapping for MavenProject: com.example:demo:0.0.1-SNAPSHOT @ C:\00pro\ASK-Spring-pro\demo\pom.xml.
2024-09-02 21:47:47,456 [Worker-4: 入門コンテンツのインポート] INFO  o.e.m.j.i.AbstractJavaProjectConfigurator - Adding source folder /demo/src/main/java
2024-09-02 21:47:47,456 [Worker-4: 入門コンテンツのインポート] INFO  o.e.m.j.i.AbstractJavaProjectConfigurator - Adding resource folder /demo/src/main/resources
2024-09-02 21:47:47,456 [Worker-4: 入門コンテンツのインポート] INFO  o.e.m.j.i.AbstractJavaProjectConfigurator - Adding resource folder /demo/src/main/resources
2024-09-02 21:47:47,457 [Worker-4: 入門コンテンツのインポート] INFO  o.e.m.j.i.AbstractJavaProjectConfigurator - Adding source folder /demo/src/test/java
2024-09-02 21:47:48,119 [Worker-4: 入門コンテンツのインポート] INFO  o.e.m.c.i.p.ProjectConfigurationManager - Update completed for 1 poms: local refresh takes 0.00 sec, refresh facades takes 0.00 sec, update config takes 0.00 sec 
2024-09-02 21:49:12,047 [Worker-9: 入門コンテンツのインポート] INFO  o.e.m.c.i.l.LifecycleMappingFactory - Using org.eclipse.m2e.jdt.JarLifecycleMapping lifecycle mapping for MavenProject: com.example:askChat:0.0.1-SNAPSHOT @ C:\00pro\ASK-Spring-pro\askChat\pom.xml.
2024-09-02 21:49:12,470 [Worker-9: 入門コンテンツのインポート] INFO  o.e.m.j.i.AbstractJavaProjectConfigurator - Adding source folder /askChat/src/main/java
2024-09-02 21:49:12,470 [Worker-9: 入門コンテンツのインポート] INFO  o.e.m.j.i.AbstractJavaProjectConfigurator - Adding resource folder /askChat/src/main/resources
2024-09-02 21:49:12,472 [Worker-9: 入門コンテンツのインポート] INFO  o.e.m.j.i.AbstractJavaProjectConfigurator - Adding resource folder /askChat/src/main/resources
2024-09-02 21:49:12,475 [Worker-9: 入門コンテンツのインポート] INFO  o.e.m.j.i.AbstractJavaProjectConfigurator - Adding source folder /askChat/src/test/java
2024-09-02 21:49:12,804 [Worker-9: 入門コンテンツのインポート] INFO  o.e.m.c.i.p.ProjectConfigurationManager - Imported and configured 1 project(s) in 1 sec
2024-09-02 21:49:12,806 [Worker-9: 入門コンテンツのインポート] INFO  o.e.m.c.i.p.ProjectConfigurationManager - Update started
2024-09-02 21:49:12,972 [Worker-9: 入門コンテンツのインポート] INFO  o.e.m.c.i.l.LifecycleMappingFactory - Using org.eclipse.m2e.jdt.JarLifecycleMapping lifecycle mapping for MavenProject: com.example:askChat:0.0.1-SNAPSHOT @ C:\00pro\ASK-Spring-pro\askChat\pom.xml.
2024-09-02 21:49:13,164 [Worker-9: 入門コンテンツのインポート] INFO  o.e.m.j.i.AbstractJavaProjectConfigurator - Adding source folder /askChat/src/main/java
2024-09-02 21:49:13,164 [Worker-9: 入門コンテンツのインポート] INFO  o.e.m.j.i.AbstractJavaProjectConfigurator - Adding resource folder /askChat/src/main/resources
2024-09-02 21:49:13,165 [Worker-9: 入門コンテンツのインポート] INFO  o.e.m.j.i.AbstractJavaProjectConfigurator - Adding resource folder /askChat/src/main/resources
2024-09-02 21:49:13,165 [Worker-9: 入門コンテンツのインポート] INFO  o.e.m.j.i.AbstractJavaProjectConfigurator - Adding source folder /askChat/src/test/java
2024-09-02 21:49:13,356 [Worker-9: 入門コンテンツのインポート] INFO  o.e.m.c.i.p.ProjectConfigurationManager - Update completed for 1 poms: local refresh takes 0.00 sec, refresh facades takes 0.00 sec, update config takes 0.00 sec 
2024-09-02 21:51:20,657 [Worker-9: 入門コンテンツのインポート] INFO  o.e.m.c.i.l.LifecycleMappingFactory - Using org.eclipse.m2e.jdt.JarLifecycleMapping lifecycle mapping for MavenProject: com.example:askChat:0.0.1-SNAPSHOT @ C:\00pro\ASK-Spring-pro\askChat\pom.xml.
2024-09-02 21:51:21,160 [Worker-9: 入門コンテンツのインポート] INFO  o.e.m.j.i.AbstractJavaProjectConfigurator - Adding source folder /askChat/src/main/java
2024-09-02 21:51:21,160 [Worker-9: 入門コンテンツのインポート] INFO  o.e.m.j.i.AbstractJavaProjectConfigurator - Adding resource folder /askChat/src/main/resources
2024-09-02 21:51:21,162 [Worker-9: 入門コンテンツのインポート] INFO  o.e.m.j.i.AbstractJavaProjectConfigurator - Adding resource folder /askChat/src/main/resources
2024-09-02 21:51:21,164 [Worker-9: 入門コンテンツのインポート] INFO  o.e.m.j.i.AbstractJavaProjectConfigurator - Adding source folder /askChat/src/test/java
2024-09-02 21:51:21,586 [Worker-9: 入門コンテンツのインポート] INFO  o.e.m.c.i.p.ProjectConfigurationManager - Imported and configured 1 project(s) in 1 sec
2024-09-02 21:51:21,587 [Worker-9: 入門コンテンツのインポート] INFO  o.e.m.c.i.p.ProjectConfigurationManager - Update started
2024-09-02 21:51:21,742 [Worker-9: 入門コンテンツのインポート] INFO  o.e.m.c.i.l.LifecycleMappingFactory - Using org.eclipse.m2e.jdt.JarLifecycleMapping lifecycle mapping for MavenProject: com.example:askChat:0.0.1-SNAPSHOT @ C:\00pro\ASK-Spring-pro\askChat\pom.xml.
2024-09-02 21:51:22,116 [Worker-9: 入門コンテンツのインポート] INFO  o.e.m.j.i.AbstractJavaProjectConfigurator - Adding source folder /askChat/src/main/java
2024-09-02 21:51:22,116 [Worker-9: 入門コンテンツのインポート] INFO  o.e.m.j.i.AbstractJavaProjectConfigurator - Adding resource folder /askChat/src/main/resources
2024-09-02 21:51:22,116 [Worker-9: 入門コンテンツのインポート] INFO  o.e.m.j.i.AbstractJavaProjectConfigurator - Adding resource folder /askChat/src/main/resources
2024-09-02 21:51:22,117 [Worker-9: 入門コンテンツのインポート] INFO  o.e.m.j.i.AbstractJavaProjectConfigurator - Adding source folder /askChat/src/test/java
2024-09-02 21:51:22,380 [Worker-9: 入門コンテンツのインポート] INFO  o.e.m.c.i.p.ProjectConfigurationManager - Update completed for 1 poms: local refresh takes 0.00 sec, refresh facades takes 0.00 sec, update config takes 0.00 sec 
